Thu Apr 21 15:33:36 UTC 2022: 
 treemap.c | 17 +++++++++++++++++
 1 file changed, 17 insertions(+)
In file included from test.c:4:0:
treemap.c: In function ‘searchTreeMap’:
treemap.c:77:14: error: ‘TreeMap {aka struct TreeMap}’ has no member named ‘lower_then’; did you mean ‘lower_than’?
     if(tree->lower_then(key,aux->pair->key)==1){
              ^~~~~~~~~~
              lower_than
treemap.c:81:16: error: ‘TreeMap {aka struct TreeMap}’ has no member named ‘lower_then’; did you mean ‘lower_than’?
       if(tree->lower_then(aux->pair->key,key)==1){
                ^~~~~~~~~~
                lower_than
Compilation failed
e63433c
Thu Apr 21 15:34:12 UTC 2022: 
 treemap.c | 4 ++--
 1 file changed, 2 insertions(+), 2 deletions(-)
 tests:  0|0
d174542
Thu Apr 21 15:35:20 UTC 2022: 
 treemap.c | 2 +-
 1 file changed, 1 insertion(+), 1 deletion(-)
 tests:  8|7
total_score: 10/70
f253337
Thu Apr 21 15:43:36 UTC 2022: 
 treemap.c | 9 +++++++++
 1 file changed, 9 insertions(+)
In file included from test.c:4:0:
treemap.c: In function ‘insertTreeMap’:
treemap.c:50:12: error: ‘return’ with a value, in function returning void [-Werror]
     return NULL;
            ^~~~
treemap.c:46:6: note: declared here
 void insertTreeMap(TreeMap * tree, void* key, void * value) {
      ^~~~~~~~~~~~~
treemap.c:55:13: error: unused variable ‘nuevoNodo’ [-Werror=unused-variable]
   TreeNode *nuevoNodo=createTreeNode(key,value);
             ^~~~~~~~~
cc1: all warnings being treated as errors
Compilation failed
9269959
Thu Apr 21 15:43:57 UTC 2022: 
 treemap.c | 2 +-
 1 file changed, 1 insertion(+), 1 deletion(-)
In file included from test.c:4:0:
treemap.c: In function ‘insertTreeMap’:
treemap.c:55:13: error: unused variable ‘nuevoNodo’ [-Werror=unused-variable]
   TreeNode *nuevoNodo=createTreeNode(key,value);
             ^~~~~~~~~
cc1: all warnings being treated as errors
Compilation failed
be31ef0
Thu Apr 21 15:45:50 UTC 2022: 
 treemap.c | 7 ++++---
 1 file changed, 4 insertions(+), 3 deletions(-)
In file included from test.c:4:0:
treemap.c: In function ‘insertTreeMap’:
treemap.c:54:15: error: unused variable ‘nuevoNodo’ [-Werror=unused-variable]
     TreeNode *nuevoNodo=createTreeNode(key,value);
               ^~~~~~~~~
cc1: all warnings being treated as errors
Compilation failed
0d13f24
Mon Apr 25 01:53:03 UTC 2022: 
 treemap.c | 5 ++++-
 1 file changed, 4 insertions(+), 1 deletion(-)
In file included from test.c:4:0:
treemap.c: In function ‘insertTreeMap’:
treemap.c:56:15: error: unused variable ‘nuevoNodo’ [-Werror=unused-variable]
     TreeNode *nuevoNodo=createTreeNode(key,value);
               ^~~~~~~~~
cc1: all warnings being treated as errors
Compilation failed
aa6fdff
Mon Apr 25 01:53:20 UTC 2022: 
 treemap.c | 8 +-------
 1 file changed, 1 insertion(+), 7 deletions(-)
 tests:  11|6
total_score: 15/70
ed2998a
Mon Apr 25 01:57:47 UTC 2022: 
 treemap.c | 30 ++++++++++++++++++++++++++++++
 1 file changed, 30 insertions(+)
In file included from test.c:4:0:
treemap.c: In function ‘insertTreeMap’:
treemap.c:55:30: error: ‘TreeNode {aka struct TreeNode}’ has no member named ‘key’
     if(is_equal(tree, current->key, key) == 1){
                              ^~
treemap.c:61:38: error: ‘TreeNode {aka struct TreeNode}’ has no member named ‘key’
       if(tree->lower_than(key,current->key) == 1){
                                      ^~
treemap.c:66:36: error: ‘TreeNode {aka struct TreeNode}’ has no member named ‘key’
         if(tree->lower_than(current->key,key) == 1){
                                    ^~
treemap.c:73:37: error: ‘TreeNode {aka struct TreeNode}’ has no member named ‘key’
     if(tree->lower_than(key, current->key) == 1){
                                     ^~
treemap.c:78:34: error: ‘TreeNode {aka struct TreeNode}’ has no member named ‘key’
       if(tree->lower_than(current->key, key) == 1){
                                  ^~
Compilation failed
19b2673
Mon Apr 25 01:58:24 UTC 2022: 
 treemap.c | 2 +-
 1 file changed, 1 insertion(+), 1 deletion(-)
In file included from test.c:4:0:
treemap.c: In function ‘insertTreeMap’:
treemap.c:55:30: error: ‘TreeNode {aka struct TreeNode}’ has no member named ‘key’
     if(is_equal(tree, current->key, key) == 1){
                              ^~
treemap.c:61:38: error: ‘TreeNode {aka struct TreeNode}’ has no member named ‘key’
       if(tree->lower_than(key,current->key) == 1){
                                      ^~
treemap.c:66:36: error: ‘TreeNode {aka struct TreeNode}’ has no member named ‘key’
         if(tree->lower_than(current->key,key) == 1){
                                    ^~
treemap.c:73:37: error: ‘TreeNode {aka struct TreeNode}’ has no member named ‘key’
     if(tree->lower_than(key, current->key) == 1){
                                     ^~
Compilation failed
769ed1b
Mon Apr 25 01:58:33 UTC 2022: 
 treemap.c | 2 +-
 1 file changed, 1 insertion(+), 1 deletion(-)
In file included from test.c:4:0:
treemap.c: In function ‘insertTreeMap’:
treemap.c:55:30: error: ‘TreeNode {aka struct TreeNode}’ has no member named ‘key’
     if(is_equal(tree, current->key, key) == 1){
                              ^~
treemap.c:61:38: error: ‘TreeNode {aka struct TreeNode}’ has no member named ‘key’
       if(tree->lower_than(key,current->key) == 1){
                                      ^~
treemap.c:66:36: error: ‘TreeNode {aka struct TreeNode}’ has no member named ‘key’
         if(tree->lower_than(current->key,key) == 1){
                                    ^~
Compilation failed
3857708
Mon Apr 25 01:58:40 UTC 2022: 
 treemap.c | 2 +-
 1 file changed, 1 insertion(+), 1 deletion(-)
In file included from test.c:4:0:
treemap.c: In function ‘insertTreeMap’:
treemap.c:55:30: error: ‘TreeNode {aka struct TreeNode}’ has no member named ‘key’
     if(is_equal(tree, current->key, key) == 1){
                              ^~
treemap.c:61:38: error: ‘TreeNode {aka struct TreeNode}’ has no member named ‘key’
       if(tree->lower_than(key,current->key) == 1){
                                      ^~
Compilation failed
40bbb1c
Mon Apr 25 01:58:50 UTC 2022: 
 treemap.c | 2 +-
 1 file changed, 1 insertion(+), 1 deletion(-)
In file included from test.c:4:0:
treemap.c: In function ‘insertTreeMap’:
treemap.c:55:30: error: ‘TreeNode {aka struct TreeNode}’ has no member named ‘key’
     if(is_equal(tree, current->key, key) == 1){
                              ^~
Compilation failed
c622705
Mon Apr 25 01:58:59 UTC 2022: 
 treemap.c | 2 +-
 1 file changed, 1 insertion(+), 1 deletion(-)
 tests:  13|5
total_score: 25/70
476f048
Mon Apr 25 02:00:38 UTC 2022: 
 treemap.c | 6 +++---
 1 file changed, 3 insertions(+), 3 deletions(-)
 tests:  13|5
total_score: 25/70
7100422
Mon Apr 25 02:02:08 UTC 2022: 
 treemap.c | 9 +++++++++
 1 file changed, 9 insertions(+)
 tests:  15|4
total_score: 25/70
0d7928c
Mon Apr 25 02:04:37 UTC 2022: 
 treemap.c | 22 ++++++++++++++++++++++
 1 file changed, 22 insertions(+)
In file included from test.c:4:0:
treemap.c: In function ‘nextTreeMap’:
treemap.c:157:25: error: ‘TreeNode {aka struct TreeNode}’ has no member named ‘value’
     return tree->current->value;
                         ^~
treemap.c:169:23: error: ‘TreeNode {aka struct TreeNode}’ has no member named ‘value’
   return tree->current->value;
                       ^~
Compilation failed
0b1a45f
Mon Apr 25 02:04:51 UTC 2022: 
 treemap.c | 2 +-
 1 file changed, 1 insertion(+), 1 deletion(-)
In file included from test.c:4:0:
treemap.c: In function ‘nextTreeMap’:
treemap.c:157:25: error: ‘TreeNode {aka struct TreeNode}’ has no member named ‘value’
     return tree->current->value;
                         ^~
Compilation failed
46e548c
Mon Apr 25 02:05:00 UTC 2022: 
 treemap.c | 2 +-
 1 file changed, 1 insertion(+), 1 deletion(-)
 tests:  15|4
total_score: 25/70
2fbfd3a
Mon Apr 25 02:05:32 UTC 2022: 
 treemap.c | 4 +++-
 1 file changed, 3 insertions(+), 1 deletion(-)
 tests:  15|4
total_score: 25/70
1e6535e
Mon Apr 25 02:05:57 UTC 2022: 
 treemap.c | 14 ++++++++++++++
 1 file changed, 14 insertions(+)
In file included from test.c:4:0:
treemap.c: In function ‘upperBound’:
treemap.c:145:35: error: ‘TreeNode {aka struct TreeNode}’ has no member named ‘key’
       if(tree->lower_than(key, aux->key) == 1){
                                   ^~
treemap.c:148:30: error: ‘TreeNode {aka struct TreeNode}’ has no member named ‘key’
       if(tree->lower_than(aux->key, key) == 1){
                              ^~
treemap.c:153:13: error: ‘TreeNode {aka struct TreeNode}’ has no member named ‘value’
   return aux->value;
             ^~
Compilation failed
2b25aa2
Mon Apr 25 02:06:17 UTC 2022: 
 treemap.c | 6 +++---
 1 file changed, 3 insertions(+), 3 deletions(-)
 tests:  15|4
total_score: 25/70
df579b2
Mon Apr 25 02:06:48 UTC 2022: 
 treemap.c | 43 +++++++++++++++++++++++++++++++++++++++++++
 1 file changed, 43 insertions(+)
In file included from test.c:4:0:
treemap.c: In function ‘removeNode’:
treemap.c:137:9: error: ‘TreeNode {aka struct TreeNode}’ has no member named ‘key’
     node->key = aux->key;
         ^~
treemap.c:137:20: error: ‘TreeNode {aka struct TreeNode}’ has no member named ‘key’
     node->key = aux->key;
                    ^~
Compilation failed
3e83f6c
Mon Apr 25 02:07:14 UTC 2022: 
 treemap.c | 2 +-
 1 file changed, 1 insertion(+), 1 deletion(-)
In file included from test.c:4:0:
treemap.c: In function ‘removeNode’:
treemap.c:137:26: error: ‘TreeNode {aka struct TreeNode}’ has no member named ‘key’
     node->pair->key = aux->key;
                          ^~
Compilation failed
91c525e
Mon Apr 25 02:07:36 UTC 2022: 
 treemap.c | 2 +-
 1 file changed, 1 insertion(+), 1 deletion(-)
 tests:  0|0
690180c
Mon Apr 25 02:09:51 UTC 2022: 
 treemap.c | 30 ++++++++++++++++--------------
 1 file changed, 16 insertions(+), 14 deletions(-)
 tests:  0|0
1d6c955
Mon Apr 25 02:10:24 UTC 2022: 
 treemap.c | 4 ++--
 1 file changed, 2 insertions(+), 2 deletions(-)
In file included from test.c:4:0:
treemap.c: In function ‘nextTreeMap’:
treemap.c:232:1: error: control reaches end of non-void function [-Werror=return-type]
 }
 ^
cc1: all warnings being treated as errors
Compilation failed
e5ae2f5
Mon Apr 25 02:10:49 UTC 2022: 
 treemap.c | 4 ++--
 1 file changed, 2 insertions(+), 2 deletions(-)
 tests:  0|0
711ff36
Mon Apr 25 02:11:32 UTC 2022: 
 treemap.c | 4 ++--
 1 file changed, 2 insertions(+), 2 deletions(-)
 tests:  15|4
total_score: 25/70
62e08af
Mon Apr 25 02:11:51 UTC 2022: 
 treemap.c | 4 ++--
 1 file changed, 2 insertions(+), 2 deletions(-)
 tests:  0|0
235ee47
Mon Apr 25 02:13:40 UTC 2022: 
 treemap.c | 13 +++++++------
 1 file changed, 7 insertions(+), 6 deletions(-)
In file included from test.c:4:0:
treemap.c: In function ‘searchTreeMap’:
treemap.c:181:1: error: control reaches end of non-void function [-Werror=return-type]
 }
 ^
cc1: all warnings being treated as errors
Compilation failed
9d728f9
Mon Apr 25 02:14:03 UTC 2022: 
 treemap.c | 2 +-
 1 file changed, 1 insertion(+), 1 deletion(-)
 tests:  0|0
a15bc4b
Mon Apr 25 02:15:02 UTC 2022: 
 treemap.c | 4 ++--
 1 file changed, 2 insertions(+), 2 deletions(-)
 tests:  0|0
3c217fc
Mon Apr 25 02:18:02 UTC 2022: 
 treemap.c | 2 +-
 1 file changed, 1 insertion(+), 1 deletion(-)
 tests:  0|0
abcc169
Mon Apr 25 02:18:38 UTC 2022: 
 treemap.c | 5 +++--
 1 file changed, 3 insertions(+), 2 deletions(-)
In file included from test.c:4:0:
treemap.c: In function ‘removeNode’:
treemap.c:147:10: error: ‘return’ with a value, in function returning void [-Werror]
   return NULL;
          ^~~~
treemap.c:101:6: note: declared here
 void removeNode(TreeMap * tree, TreeNode* node) {
      ^~~~~~~~~~
cc1: all warnings being treated as errors
Compilation failed
8ba54a8
Mon Apr 25 02:18:52 UTC 2022: 
 treemap.c | 2 +-
 1 file changed, 1 insertion(+), 1 deletion(-)
 tests:  15|4
total_score: 25/70
fb65e8a
Mon Apr 25 02:19:55 UTC 2022: 
 treemap.c | 10 +++++-----
 1 file changed, 5 insertions(+), 5 deletions(-)
 tests:  18|3
total_score: 40/70
362bb7c
Mon Apr 25 02:20:09 UTC 2022: 
 treemap.c | 6 +++---
 1 file changed, 3 insertions(+), 3 deletions(-)
 tests:  18|3
total_score: 40/70
4423076
Mon Apr 25 02:24:02 UTC 2022: 
 treemap.c | 2 +-
 1 file changed, 1 insertion(+), 1 deletion(-)
In file included from test.c:4:0:
treemap.c: In function ‘searchTreeMap’:
treemap.c:183:1: error: control reaches end of non-void function [-Werror=return-type]
 }
 ^
cc1: all warnings being treated as errors
Compilation failed
dee9d2f
